# JRE version: OpenJDK Runtime Environment (11.0.10) (build 11.0.10+0-b96-7249189)
# Java VM: OpenJDK 64-Bit Server VM (11.0.10+0-b96-7249189, mixed mode, tiered, compressed oops, g1 gc, windows-amd64)
Heap:
 garbage-first heap   total 260096K, used 138155K [0x0000000080000000, 0x0000000100000000)
  region size 1024K, 22 young (22528K), 3 survivors (3072K)
 Metaspace       used 119396K, capacity 123233K, committed 123468K, reserved 1157120K
  class space    used 14947K, capacity 16368K, committed 16460K, reserved 1048576K
GC Heap History (20 events):
Event: 1556.462 GC heap before
{Heap before GC invocations=25 (full 0):
 garbage-first heap   total 260096K, used 203665K [0x0000000080000000, 0x0000000100000000)
  region size 1024K, 112 young (114688K), 15 survivors (15360K)
 Metaspace       used 116739K, capacity 120295K, committed 120396K, reserved 1153024K
  class space    used 14803K, capacity 16149K, committed 16204K, reserved 1048576K
}
Event: 1556.487 GC heap after
{Heap after GC invocations=26 (full 0):
 garbage-first heap   total 260096K, used 104966K [0x0000000080000000, 0x0000000100000000)
  region size 1024K, 6 young (6144K), 6 survivors (6144K)
 Metaspace       used 116739K, capacity 120295K, committed 120396K, reserved 1153024K
  class space    used 14803K, capacity 16149K, committed 16204K, reserved 1048576K
}
Event: 1590.485 GC heap before
{Heap before GC invocations=26 (full 0):
 garbage-first heap   total 260096K, used 168454K [0x0000000080000000, 0x0000000100000000)
  region size 1024K, 50 young (51200K), 6 survivors (6144K)
 Metaspace       used 117103K, capacity 120650K, committed 120908K, reserved 1155072K
  class space    used 14820K, capacity 16178K, committed 16204K, reserved 1048576K
}
Event: 1590.810 GC heap after
{Heap after GC invocations=27 (full 0):
 garbage-first heap   total 260096K, used 103458K [0x0000000080000000, 0x0000000100000000)
  region size 1024K, 7 young (7168K), 7 survivors (7168K)
 Metaspace       used 117103K, capacity 120650K, committed 120908K, reserved 1155072K
  class space    used 14820K, capacity 16178K, committed 16204K, reserved 1048576K
}
Event: 1677.567 GC heap before
{Heap before GC invocations=28 (full 0):
 garbage-first heap   total 260096K, used 234530K [0x0000000080000000, 0x0000000100000000)
  region size 1024K, 103 young (105472K), 7 survivors (7168K)
 Metaspace       used 117255K, capacity 120829K, committed 120908K, reserved 1155072K
  class space    used 14819K, capacity 16175K, committed 16204K, reserved 1048576K
}
Event: 1677.590 GC heap after
{Heap after GC invocations=29 (full 0):
 garbage-first heap   total 260096K, used 96794K [0x0000000080000000, 0x0000000100000000)
  region size 1024K, 4 young (4096K), 4 survivors (4096K)
 Metaspace       used 117255K, capacity 120829K, committed 120908K, reserved 1155072K
  class space    used 14819K, capacity 16175K, committed 16204K, reserved 1048576K
}
Event: 1677.755 GC heap before
{Heap before GC invocations=29 (full 0):
 garbage-first heap   total 260096K, used 104986K [0x0000000080000000, 0x0000000100000000)
  region size 1024K, 12 young (12288K), 4 survivors (4096K)
 Metaspace       used 117292K, capacity 120893K, committed 121164K, reserved 1155072K
  class space    used 14819K, capacity 16175K, committed 16204K, reserved 1048576K
}
Event: 1677.792 GC heap after
{Heap after GC invocations=30 (full 0):
 garbage-first heap   total 260096K, used 92525K [0x0000000080000000, 0x0000000100000000)
  region size 1024K, 2 young (2048K), 2 survivors (2048K)
 Metaspace       used 117292K, capacity 120893K, committed 121164K, reserved 1155072K
  class space    used 14819K, capacity 16175K, committed 16204K, reserved 1048576K
}
Event: 2050.927 GC heap before
{Heap before GC invocations=30 (full 0):
 garbage-first heap   total 260096K, used 221549K [0x0000000080000000, 0x0000000100000000)
  region size 1024K, 107 young (109568K), 2 survivors (2048K)
 Metaspace       used 117745K, capacity 121307K, committed 121420K, reserved 1155072K
  class space    used 14821K, capacity 16177K, committed 16204K, reserved 1048576K
}
Event: 2050.934 GC heap after
{Heap after GC invocations=31 (full 0):
 garbage-first heap   total 260096K, used 97684K [0x0000000080000000, 0x0000000100000000)
  region size 1024K, 6 young (6144K), 6 survivors (6144K)
 Metaspace       used 117745K, capacity 121307K, committed 121420K, reserved 1155072K
  class space    used 14821K, capacity 16177K, committed 16204K, reserved 1048576K
}
Event: 2671.937 GC heap before
{Heap before GC invocations=31 (full 0):
 garbage-first heap   total 260096K, used 225684K [0x0000000080000000, 0x0000000100000000)
  region size 1024K, 110 young (112640K), 6 survivors (6144K)
 Metaspace       used 118091K, capacity 121581K, committed 121676K, reserved 1155072K
  class space    used 14823K, capacity 16178K, committed 16204K, reserved 1048576K
}
Event: 2671.945 GC heap after
{Heap after GC invocations=32 (full 0):
 garbage-first heap   total 260096K, used 99942K [0x0000000080000000, 0x0000000100000000)
  region size 1024K, 8 young (8192K), 8 survivors (8192K)
 Metaspace       used 118091K, capacity 121581K, committed 121676K, reserved 1155072K
  class space    used 14823K, capacity 16178K, committed 16204K, reserved 1048576K
}
Event: 2744.365 GC heap before
{Heap before GC invocations=32 (full 0):
 garbage-first heap   total 260096K, used 229990K [0x0000000080000000, 0x0000000100000000)
  region size 1024K, 113 young (115712K), 8 survivors (8192K)
 Metaspace       used 118474K, capacity 122135K, committed 122188K, reserved 1155072K
  class space    used 14824K, capacity 16181K, committed 16204K, reserved 1048576K
}
Event: 2744.485 GC heap after
{Heap after GC invocations=33 (full 0):
 garbage-first heap   total 260096K, used 116376K [0x0000000080000000, 0x0000000100000000)
  region size 1024K, 15 young (15360K), 15 survivors (15360K)
 Metaspace       used 118474K, capacity 122135K, committed 122188K, reserved 1155072K
  class space    used 14824K, capacity 16181K, committed 16204K, reserved 1048576K
}
Event: 2882.535 GC heap before
{Heap before GC invocations=34 (full 0):
 garbage-first heap   total 260096K, used 230040K [0x0000000080000000, 0x0000000100000000)
  region size 1024K, 98 young (100352K), 15 survivors (15360K)
 Metaspace       used 118414K, capacity 121949K, committed 122444K, reserved 1155072K
  class space    used 14778K, capacity 16089K, committed 16204K, reserved 1048576K
}
Event: 2882.559 GC heap after
{Heap after GC invocations=35 (full 0):
 garbage-first heap   total 260096K, used 113289K [0x0000000080000000, 0x0000000100000000)
  region size 1024K, 6 young (6144K), 6 survivors (6144K)
 Metaspace       used 118414K, capacity 121949K, committed 122444K, reserved 1155072K
  class space    used 14778K, capacity 16089K, committed 16204K, reserved 1048576K
}
Event: 2882.611 GC heap before
{Heap before GC invocations=35 (full 0):
 garbage-first heap   total 260096K, used 118409K [0x0000000080000000, 0x0000000100000000)
  region size 1024K, 12 young (12288K), 6 survivors (6144K)
 Metaspace       used 118419K, capacity 121950K, committed 122444K, reserved 1155072K
  class space    used 14778K, capacity 16089K, committed 16204K, reserved 1048576K
}
Event: 2882.626 GC heap after
{Heap after GC invocations=36 (full 0):
 garbage-first heap   total 260096K, used 107965K [0x0000000080000000, 0x0000000100000000)
  region size 1024K, 2 young (2048K), 2 survivors (2048K)
 Metaspace       used 118419K, capacity 121950K, committed 122444K, reserved 1155072K
  class space    used 14778K, capacity 16089K, committed 16204K, reserved 1048576K
}
Event: 2882.986 GC heap before
{Heap before GC invocations=36 (full 0):
 garbage-first heap   total 260096K, used 151997K [0x0000000080000000, 0x0000000100000000)
  region size 1024K, 36 young (36864K), 2 survivors (2048K)
 Metaspace       used 118546K, capacity 122020K, committed 122444K, reserved 1155072K
  class space    used 14778K, capacity 16089K, committed 16204K, reserved 1048576K
}
Event: 2882.992 GC heap after
{Heap after GC invocations=37 (full 0):
 garbage-first heap   total 260096K, used 118699K [0x0000000080000000, 0x0000000100000000)
  region size 1024K, 3 young (3072K), 3 survivors (3072K)
 Metaspace       used 118546K, capacity 122020K, committed 122444K, reserved 1155072K
  class space    used 14778K, capacity 16089K, committed 16204K, reserved 1048576K
}

